<?xml version="1.0" encoding="UTF-8"?>
<!-- Generated by org.testng.reporters.JUnitReportReporter -->
<testsuite hostname="Naveens-MacBook-Pro.local" failures="0" tests="1" name="testCases.TC_002_AccountLoginTest" time="1.687" errors="0" timestamp="2023-01-01T23:13:57 GST" skipped="0">
  <testcase classname="testCases.TC_002_AccountLoginTest" name="testAccountLogin" time="1.687"/>
  <system-out/>
</testsuite> <!-- testCases.TC_002_AccountLoginTest -->
