<?xml version="1.0" encoding="UTF-8"?>
<!-- Generated by org.testng.reporters.JUnitReportReporter -->
<testsuite hostname="Naveens-MacBook-Pro.local" failures="0" tests="5" name="testCases.TC_003_DataDrivenTest" time="45.589" errors="0" timestamp="2023-01-01T23:13:57 GST" skipped="0">
  <testcase classname="testCases.TC_003_DataDrivenTest" name="testDataDriven" time="11.223"/>
  <system-out/>
  <testcase classname="testCases.TC_003_DataDrivenTest" name="testDataDriven" time="10.977"/>
  <system-out/>
  <testcase classname="testCases.TC_003_DataDrivenTest" name="testDataDriven" time="11.022"/>
  <system-out/>
  <testcase classname="testCases.TC_003_DataDrivenTest" name="testDataDriven" time="1.374"/>
  <system-out/>
  <testcase classname="testCases.TC_003_DataDrivenTest" name="testDataDriven" time="10.993"/>
  <system-out/>
</testsuite> <!-- testCases.TC_003_DataDrivenTest -->
