<?xml version="1.0" encoding="UTF-8"?>
<!-- Generated by org.testng.reporters.JUnitReportReporter -->
<testsuite hostname="Naveens-MacBook-Pro.local" failures="0" tests="1" name="testCases.TC_001_AccountRegistrationTest" time="2.721" errors="0" timestamp="2023-01-01T23:13:57 GST" skipped="0">
  <testcase classname="testCases.TC_001_AccountRegistrationTest" name="test_account_registration" time="2.721"/>
  <system-out/>
</testsuite> <!-- testCases.TC_001_AccountRegistrationTest -->
