<?xml version="1.0" encoding="UTF-8"?>
<!-- Generated by org.testng.reporters.JUnitReportReporter -->
<testsuite hostname="Naveens-MacBook-Pro.local" failures="0" tests="1" name="testCases.TC_002_AccountLoginTest" time="1.508" errors="0" timestamp="2023-01-03T10:09:10 GST" skipped="0">
  <testcase classname="testCases.TC_002_AccountLoginTest" name="testAccountLogin" time="1.508"/>
  <system-out/>
</testsuite> <!-- testCases.TC_002_AccountLoginTest -->
