<?xml version="1.0" encoding="UTF-8"?>
<!-- Generated by org.testng.reporters.JUnitReportReporter -->
<testsuite hostname="Naveens-MacBook-Pro.local" failures="0" tests="5" name="testCases.TC_003_DataDrivenTest" time="46.782" errors="0" timestamp="2023-01-03T10:09:10 GST" skipped="0">
  <testcase classname="testCases.TC_003_DataDrivenTest" name="testDataDriven" time="12.176"/>
  <system-out/>
  <testcase classname="testCases.TC_003_DataDrivenTest" name="testDataDriven" time="10.960"/>
  <system-out/>
  <testcase classname="testCases.TC_003_DataDrivenTest" name="testDataDriven" time="11.028"/>
  <system-out/>
  <testcase classname="testCases.TC_003_DataDrivenTest" name="testDataDriven" time="11.261"/>
  <system-out/>
  <testcase classname="testCases.TC_003_DataDrivenTest" name="testDataDriven" time="1.357"/>
  <system-out/>
</testsuite> <!-- testCases.TC_003_DataDrivenTest -->
